<?xml version="1.0" encoding="UTF-8"?>
<!-- Generated by org.testng.reporters.JUnitReportReporter -->
<testsuite hostname="DESKTOP-O3CNH6A" failures="0" tests="1" name="com.TestClass.TestCaseNo1_Login" time="31.705" errors="0" timestamp="2022-09-20T12:53:09 IST" skipped="0">
  <testcase classname="com.TestClass.TestCaseNo1_Login" name="login" time="31.705"/>
  <system-out/>
</testsuite> <!-- com.TestClass.TestCaseNo1_Login -->
