<?xml version="1.0" encoding="UTF-8"?>
<!-- Generated by org.testng.reporters.JUnitReportReporter -->
<testsuite hostname="DESKTOP-O3CNH6A" failures="0" tests="1" name="com.TestClass.TestCaseNo_2" time="0.010" errors="0" timestamp="2022-09-20T12:51:46 IST" skipped="0">
  <testcase classname="com.TestClass.TestCaseNo_2" name="testcase_2" time="0.010"/>
  <system-out/>
</testsuite> <!-- com.TestClass.TestCaseNo_2 -->
